2021-12-18 22:15:28,796 - pg_train.py[line:89] - INFO: number of graphs(train): 2196
2021-12-18 22:15:28,798 - pg_train.py[line:89] - INFO: number of graphs(val):  398
2021-12-18 22:15:28,799 - pg_train.py[line:89] - INFO: number of graphs(test):  399
2021-12-18 22:16:09,966 - pg_train.py[line:147] - INFO: Epoch: 1, LR: 0.00010, Ratio: 0.40, Train Loss: -0.338, Val Loss: -0.339
2021-12-18 22:16:09,968 - pg_train.py[line:148] - INFO: ACC:[[0.31 0.31 0.32 0.31 0.32 0.32 0.34 0.5  0.95 1.  ]] ACC-AUC: 0.468
2021-12-18 22:16:39,256 - pg_train.py[line:147] - INFO: Epoch: 2, LR: 0.00010, Ratio: 0.40, Train Loss: -0.676, Val Loss: -0.341
2021-12-18 22:16:39,258 - pg_train.py[line:148] - INFO: ACC:[[0.31 0.31 0.31 0.32 0.31 0.33 0.34 0.51 0.93 1.  ]] ACC-AUC: 0.468
2021-12-18 22:17:10,008 - pg_train.py[line:147] - INFO: Epoch: 3, LR: 0.00010, Ratio: 0.40, Train Loss: -1.016, Val Loss: -0.342
2021-12-18 22:17:10,011 - pg_train.py[line:148] - INFO: ACC:[[0.31 0.31 0.31 0.31 0.31 0.32 0.37 0.52 0.96 1.  ]] ACC-AUC: 0.474
2021-12-18 22:17:38,557 - pg_train.py[line:147] - INFO: Epoch: 4, LR: 0.00010, Ratio: 0.40, Train Loss: -1.359, Val Loss: -0.348
2021-12-18 22:17:38,561 - pg_train.py[line:148] - INFO: ACC:[[0.31 0.31 0.31 0.32 0.31 0.33 0.4  0.55 0.95 1.  ]] ACC-AUC: 0.479
2021-12-18 22:18:07,696 - pg_train.py[line:147] - INFO: Epoch: 5, LR: 0.00010, Ratio: 0.40, Train Loss: -1.706, Val Loss: -0.353
2021-12-18 22:18:07,698 - pg_train.py[line:148] - INFO: ACC:[[0.31 0.31 0.32 0.32 0.31 0.34 0.39 0.61 0.95 1.  ]] ACC-AUC: 0.485
2021-12-18 22:18:37,982 - pg_train.py[line:147] - INFO: Epoch: 6, LR: 0.00010, Ratio: 0.40, Train Loss: -2.057, Val Loss: -0.354
2021-12-18 22:18:37,984 - pg_train.py[line:148] - INFO: ACC:[[0.31 0.31 0.31 0.31 0.32 0.35 0.41 0.63 0.95 1.  ]] ACC-AUC: 0.491
2021-12-18 22:19:08,797 - pg_train.py[line:147] - INFO: Epoch: 7, LR: 0.00010, Ratio: 0.40, Train Loss: -2.414, Val Loss: -0.354
2021-12-18 22:19:08,801 - pg_train.py[line:148] - INFO: ACC:[[0.31 0.31 0.32 0.32 0.33 0.38 0.46 0.7  0.98 1.  ]] ACC-AUC: 0.510
2021-12-18 22:19:36,861 - pg_train.py[line:147] - INFO: Epoch: 8, LR: 0.00010, Ratio: 0.40, Train Loss: -2.774, Val Loss: -0.373
2021-12-18 22:19:36,865 - pg_train.py[line:148] - INFO: ACC:[[0.31 0.31 0.32 0.33 0.36 0.41 0.48 0.73 0.98 1.  ]] ACC-AUC: 0.523
2021-12-18 22:20:05,810 - pg_train.py[line:147] - INFO: Epoch: 9, LR: 0.00010, Ratio: 0.40, Train Loss: -3.141, Val Loss: -0.368
2021-12-18 22:20:05,813 - pg_train.py[line:148] - INFO: ACC:[[0.31 0.31 0.31 0.33 0.36 0.42 0.54 0.84 0.98 1.  ]] ACC-AUC: 0.542
2021-12-18 22:20:35,438 - pg_train.py[line:147] - INFO: Epoch: 10, LR: 0.00010, Ratio: 0.40, Train Loss: -3.512, Val Loss: -0.373
2021-12-18 22:20:35,440 - pg_train.py[line:148] - INFO: ACC:[[0.31 0.31 0.32 0.33 0.37 0.47 0.63 0.87 0.99 1.  ]] ACC-AUC: 0.561
2021-12-18 22:21:02,576 - pg_train.py[line:147] - INFO: Epoch: 11, LR: 0.00010, Ratio: 0.40, Train Loss: -3.888, Val Loss: -0.382
2021-12-18 22:21:02,578 - pg_train.py[line:148] - INFO: ACC:[[0.31 0.31 0.32 0.34 0.37 0.47 0.66 0.9  0.99 0.99]] ACC-AUC: 0.567
2021-12-18 22:22:00,577 - pg_train.py[line:147] - INFO: Epoch: 12, LR: 0.00010, Ratio: 0.40, Train Loss: -4.264, Val Loss: -0.383
2021-12-18 22:22:00,580 - pg_train.py[line:148] - INFO: ACC:[[0.31 0.31 0.32 0.33 0.37 0.49 0.72 0.93 0.99 1.  ]] ACC-AUC: 0.578
2021-12-18 22:22:55,411 - pg_train.py[line:147] - INFO: Epoch: 13, LR: 0.00010, Ratio: 0.40, Train Loss: -4.646, Val Loss: -0.388
2021-12-18 22:22:55,413 - pg_train.py[line:148] - INFO: ACC:[[0.31 0.31 0.32 0.34 0.38 0.52 0.73 0.91 0.99 1.  ]] ACC-AUC: 0.581
2021-12-18 22:23:38,028 - pg_train.py[line:147] - INFO: Epoch: 14, LR: 0.00010, Ratio: 0.40, Train Loss: -5.029, Val Loss: -0.385
2021-12-18 22:23:38,030 - pg_train.py[line:148] - INFO: ACC:[[0.31 0.31 0.32 0.33 0.37 0.53 0.72 0.94 0.99 1.  ]] ACC-AUC: 0.582
2021-12-18 22:24:33,099 - pg_train.py[line:147] - INFO: Epoch: 15, LR: 0.00010, Ratio: 0.40, Train Loss: -5.415, Val Loss: -0.390
2021-12-18 22:24:33,102 - pg_train.py[line:148] - INFO: ACC:[[0.32 0.31 0.32 0.33 0.39 0.51 0.72 0.94 0.99 1.  ]] ACC-AUC: 0.584
2021-12-18 22:25:32,809 - pg_train.py[line:147] - INFO: Epoch: 16, LR: 0.00010, Ratio: 0.40, Train Loss: -5.803, Val Loss: -0.391
2021-12-18 22:25:32,812 - pg_train.py[line:148] - INFO: ACC:[[0.31 0.31 0.33 0.34 0.37 0.51 0.7  0.94 0.99 1.  ]] ACC-AUC: 0.579
2021-12-18 22:26:33,984 - pg_train.py[line:147] - INFO: Epoch: 17, LR: 0.00010, Ratio: 0.40, Train Loss: -6.194, Val Loss: -0.392
2021-12-18 22:26:33,986 - pg_train.py[line:148] - INFO: ACC:[[0.31 0.31 0.32 0.33 0.37 0.5  0.72 0.94 0.99 1.  ]] ACC-AUC: 0.580
2021-12-18 22:27:23,576 - pg_train.py[line:147] - INFO: Epoch: 18, LR: 0.00010, Ratio: 0.40, Train Loss: -6.584, Val Loss: -0.390
2021-12-18 22:27:23,579 - pg_train.py[line:148] - INFO: ACC:[[0.31 0.31 0.32 0.34 0.37 0.5  0.72 0.92 1.   1.  ]] ACC-AUC: 0.579
2021-12-18 22:28:08,885 - pg_train.py[line:147] - INFO: Epoch: 19, LR: 0.00010, Ratio: 0.40, Train Loss: -6.977, Val Loss: -0.396
2021-12-18 22:28:08,888 - pg_train.py[line:148] - INFO: ACC:[[0.31 0.31 0.32 0.34 0.38 0.51 0.68 0.93 0.99 1.  ]] ACC-AUC: 0.577
2021-12-18 22:29:07,773 - pg_train.py[line:147] - INFO: Epoch: 20, LR: 0.00010, Ratio: 0.40, Train Loss: -7.372, Val Loss: -0.389
2021-12-18 22:29:07,775 - pg_train.py[line:148] - INFO: ACC:[[0.31 0.31 0.31 0.34 0.37 0.49 0.67 0.93 0.98 1.  ]] ACC-AUC: 0.571
2021-12-18 22:30:07,627 - pg_train.py[line:147] - INFO: Epoch: 21, LR: 0.00010, Ratio: 0.40, Train Loss: -7.770, Val Loss: -0.387
2021-12-18 22:30:07,630 - pg_train.py[line:148] - INFO: ACC:[[0.31 0.31 0.32 0.34 0.36 0.48 0.67 0.91 0.99 0.99]] ACC-AUC: 0.570
2021-12-18 22:31:03,538 - pg_train.py[line:147] - INFO: Epoch: 22, LR: 0.00010, Ratio: 0.40, Train Loss: -8.163, Val Loss: -0.402
2021-12-18 22:31:03,541 - pg_train.py[line:148] - INFO: ACC:[[0.31 0.31 0.32 0.33 0.36 0.47 0.65 0.92 0.99 1.  ]] ACC-AUC: 0.565
2021-12-18 22:31:53,709 - pg_train.py[line:147] - INFO: Epoch: 23, LR: 0.00010, Ratio: 0.40, Train Loss: -8.561, Val Loss: -0.392
2021-12-18 22:31:53,712 - pg_train.py[line:148] - INFO: ACC:[[0.31 0.31 0.32 0.33 0.37 0.44 0.66 0.91 0.99 1.  ]] ACC-AUC: 0.565
2021-12-18 22:32:43,601 - pg_train.py[line:147] - INFO: Epoch: 24, LR: 0.00010, Ratio: 0.40, Train Loss: -8.958, Val Loss: -0.402
2021-12-18 22:32:43,604 - pg_train.py[line:148] - INFO: ACC:[[0.31 0.31 0.32 0.34 0.36 0.44 0.64 0.9  0.99 1.  ]] ACC-AUC: 0.561
2021-12-18 22:33:44,019 - pg_train.py[line:147] - INFO: Epoch: 25, LR: 0.00010, Ratio: 0.40, Train Loss: -9.358, Val Loss: -0.404
2021-12-18 22:33:44,022 - pg_train.py[line:148] - INFO: ACC:[[0.31 0.31 0.32 0.33 0.34 0.43 0.65 0.9  0.99 0.99]] ACC-AUC: 0.558
