2021-12-18 22:18:56,441 - pg_train.py[line:89] - INFO: number of graphs(train): 5986
2021-12-18 22:18:56,444 - pg_train.py[line:89] - INFO: number of graphs(val):  973
2021-12-18 22:18:56,472 - pg_train.py[line:89] - INFO: number of graphs(test):  979
2021-12-18 22:21:14,007 - pg_train.py[line:147] - INFO: Epoch: 1, LR: 0.00010, Ratio: 0.20, Train Loss: -0.907, Val Loss: -0.948
2021-12-18 22:21:14,011 - pg_train.py[line:148] - INFO: ACC:[[0.15 0.2  0.25 0.25 0.28 0.37 0.52 0.8  0.95 1.  ]] ACC-AUC: 0.478
2021-12-18 22:23:18,493 - pg_train.py[line:147] - INFO: Epoch: 2, LR: 0.00010, Ratio: 0.20, Train Loss: -1.864, Val Loss: -0.960
2021-12-18 22:23:18,497 - pg_train.py[line:148] - INFO: ACC:[[0.15 0.17 0.18 0.2  0.27 0.38 0.56 0.8  0.96 1.  ]] ACC-AUC: 0.467
2021-12-18 22:25:23,537 - pg_train.py[line:147] - INFO: Epoch: 3, LR: 0.00010, Ratio: 0.20, Train Loss: -2.829, Val Loss: -0.963
2021-12-18 22:25:23,541 - pg_train.py[line:148] - INFO: ACC:[[0.12 0.14 0.16 0.24 0.32 0.46 0.6  0.8  0.95 1.  ]] ACC-AUC: 0.480
2021-12-18 22:27:26,330 - pg_train.py[line:147] - INFO: Epoch: 4, LR: 0.00010, Ratio: 0.20, Train Loss: -3.796, Val Loss: -0.964
2021-12-18 22:27:26,334 - pg_train.py[line:148] - INFO: ACC:[[0.11 0.13 0.17 0.25 0.33 0.46 0.6  0.77 0.95 1.  ]] ACC-AUC: 0.476
2021-12-18 22:29:28,926 - pg_train.py[line:147] - INFO: Epoch: 5, LR: 0.00010, Ratio: 0.20, Train Loss: -4.763, Val Loss: -0.966
2021-12-18 22:29:28,930 - pg_train.py[line:148] - INFO: ACC:[[0.11 0.12 0.17 0.23 0.34 0.46 0.6  0.77 0.95 1.  ]] ACC-AUC: 0.476
2021-12-18 22:31:31,527 - pg_train.py[line:147] - INFO: Epoch: 6, LR: 0.00010, Ratio: 0.20, Train Loss: -5.730, Val Loss: -0.965
2021-12-18 22:31:31,530 - pg_train.py[line:148] - INFO: ACC:[[0.09 0.13 0.19 0.26 0.35 0.47 0.63 0.79 0.94 1.  ]] ACC-AUC: 0.486
2021-12-18 22:33:36,106 - pg_train.py[line:147] - INFO: Epoch: 7, LR: 0.00010, Ratio: 0.20, Train Loss: -6.698, Val Loss: -0.967
2021-12-18 22:33:36,109 - pg_train.py[line:148] - INFO: ACC:[[0.1  0.14 0.2  0.25 0.36 0.49 0.64 0.78 0.94 1.  ]] ACC-AUC: 0.491
2021-12-18 22:35:38,609 - pg_train.py[line:147] - INFO: Epoch: 8, LR: 0.00010, Ratio: 0.20, Train Loss: -7.667, Val Loss: -0.966
2021-12-18 22:35:38,612 - pg_train.py[line:148] - INFO: ACC:[[0.1  0.15 0.21 0.25 0.37 0.47 0.64 0.8  0.94 1.  ]] ACC-AUC: 0.493
2021-12-18 22:37:41,987 - pg_train.py[line:147] - INFO: Epoch: 9, LR: 0.00010, Ratio: 0.20, Train Loss: -8.635, Val Loss: -0.967
2021-12-18 22:37:41,991 - pg_train.py[line:148] - INFO: ACC:[[0.1  0.15 0.22 0.26 0.37 0.5  0.66 0.8  0.94 1.  ]] ACC-AUC: 0.499
2021-12-18 22:39:47,158 - pg_train.py[line:147] - INFO: Epoch: 10, LR: 0.00010, Ratio: 0.20, Train Loss: -9.604, Val Loss: -0.967
2021-12-18 22:39:47,162 - pg_train.py[line:148] - INFO: ACC:[[0.11 0.15 0.22 0.26 0.36 0.49 0.66 0.81 0.94 1.  ]] ACC-AUC: 0.499
2021-12-18 22:41:51,709 - pg_train.py[line:147] - INFO: Epoch: 11, LR: 0.00010, Ratio: 0.20, Train Loss: -10.572, Val Loss: -0.967
2021-12-18 22:41:51,713 - pg_train.py[line:148] - INFO: ACC:[[0.11 0.16 0.21 0.26 0.37 0.5  0.66 0.82 0.94 1.  ]] ACC-AUC: 0.501
2021-12-18 22:43:56,443 - pg_train.py[line:147] - INFO: Epoch: 12, LR: 0.00010, Ratio: 0.20, Train Loss: -11.541, Val Loss: -0.967
2021-12-18 22:43:56,446 - pg_train.py[line:148] - INFO: ACC:[[0.12 0.16 0.21 0.26 0.37 0.5  0.66 0.82 0.94 1.  ]] ACC-AUC: 0.503
2021-12-18 22:46:00,406 - pg_train.py[line:147] - INFO: Epoch: 13, LR: 0.00010, Ratio: 0.20, Train Loss: -12.510, Val Loss: -0.967
2021-12-18 22:46:00,409 - pg_train.py[line:148] - INFO: ACC:[[0.12 0.15 0.22 0.27 0.37 0.51 0.66 0.82 0.93 1.  ]] ACC-AUC: 0.506
2021-12-18 22:48:10,924 - pg_train.py[line:147] - INFO: Epoch: 14, LR: 0.00010, Ratio: 0.20, Train Loss: -13.479, Val Loss: -0.967
2021-12-18 22:48:10,928 - pg_train.py[line:148] - INFO: ACC:[[0.13 0.15 0.21 0.27 0.38 0.51 0.66 0.82 0.93 1.  ]] ACC-AUC: 0.507
2021-12-18 22:50:13,684 - pg_train.py[line:147] - INFO: Epoch: 15, LR: 0.00010, Ratio: 0.20, Train Loss: -14.448, Val Loss: -0.967
2021-12-18 22:50:13,688 - pg_train.py[line:148] - INFO: ACC:[[0.13 0.15 0.22 0.27 0.38 0.49 0.67 0.81 0.93 1.  ]] ACC-AUC: 0.504
2021-12-18 22:52:17,617 - pg_train.py[line:147] - INFO: Epoch: 16, LR: 0.00010, Ratio: 0.20, Train Loss: -15.417, Val Loss: -0.967
2021-12-18 22:52:17,620 - pg_train.py[line:148] - INFO: ACC:[[0.13 0.16 0.21 0.27 0.37 0.5  0.65 0.82 0.93 1.  ]] ACC-AUC: 0.504
2021-12-18 22:54:21,543 - pg_train.py[line:147] - INFO: Epoch: 17, LR: 0.00010, Ratio: 0.20, Train Loss: -16.386, Val Loss: -0.967
2021-12-18 22:54:21,547 - pg_train.py[line:148] - INFO: ACC:[[0.13 0.16 0.22 0.28 0.37 0.5  0.65 0.82 0.93 1.  ]] ACC-AUC: 0.505
2021-12-18 22:56:25,746 - pg_train.py[line:147] - INFO: Epoch: 18, LR: 0.00010, Ratio: 0.20, Train Loss: -17.356, Val Loss: -0.967
2021-12-18 22:56:25,749 - pg_train.py[line:148] - INFO: ACC:[[0.14 0.17 0.23 0.28 0.39 0.5  0.65 0.81 0.93 1.  ]] ACC-AUC: 0.510
2021-12-18 22:58:29,367 - pg_train.py[line:147] - INFO: Epoch: 19, LR: 0.00010, Ratio: 0.20, Train Loss: -18.325, Val Loss: -0.967
2021-12-18 22:58:29,370 - pg_train.py[line:148] - INFO: ACC:[[0.14 0.17 0.22 0.27 0.38 0.5  0.65 0.82 0.94 1.  ]] ACC-AUC: 0.509
2021-12-18 23:00:34,046 - pg_train.py[line:147] - INFO: Epoch: 20, LR: 0.00010, Ratio: 0.20, Train Loss: -19.294, Val Loss: -0.967
2021-12-18 23:00:34,049 - pg_train.py[line:148] - INFO: ACC:[[0.14 0.17 0.23 0.28 0.39 0.5  0.65 0.82 0.94 1.  ]] ACC-AUC: 0.511
2021-12-18 23:02:37,119 - pg_train.py[line:147] - INFO: Epoch: 21, LR: 0.00010, Ratio: 0.20, Train Loss: -20.264, Val Loss: -0.967
2021-12-18 23:02:37,122 - pg_train.py[line:148] - INFO: ACC:[[0.14 0.18 0.23 0.27 0.39 0.5  0.65 0.83 0.94 1.  ]] ACC-AUC: 0.513
2021-12-18 23:04:40,187 - pg_train.py[line:147] - INFO: Epoch: 22, LR: 0.00010, Ratio: 0.20, Train Loss: -21.233, Val Loss: -0.967
2021-12-18 23:04:40,190 - pg_train.py[line:148] - INFO: ACC:[[0.15 0.18 0.23 0.27 0.38 0.5  0.64 0.83 0.94 1.  ]] ACC-AUC: 0.512
2021-12-18 23:06:43,192 - pg_train.py[line:147] - INFO: Epoch: 23, LR: 0.00010, Ratio: 0.20, Train Loss: -22.202, Val Loss: -0.967
2021-12-18 23:06:43,196 - pg_train.py[line:148] - INFO: ACC:[[0.15 0.19 0.23 0.27 0.37 0.49 0.65 0.83 0.94 1.  ]] ACC-AUC: 0.512
2021-12-18 23:08:48,043 - pg_train.py[line:147] - INFO: Epoch: 24, LR: 0.00010, Ratio: 0.20, Train Loss: -23.172, Val Loss: -0.967
2021-12-18 23:08:48,046 - pg_train.py[line:148] - INFO: ACC:[[0.14 0.18 0.24 0.27 0.38 0.5  0.65 0.83 0.94 1.  ]] ACC-AUC: 0.512
2021-12-18 23:10:52,455 - pg_train.py[line:147] - INFO: Epoch: 25, LR: 0.00010, Ratio: 0.20, Train Loss: -24.141, Val Loss: -0.967
2021-12-18 23:10:52,458 - pg_train.py[line:148] - INFO: ACC:[[0.14 0.2  0.24 0.26 0.36 0.5  0.65 0.83 0.94 1.  ]] ACC-AUC: 0.513
2021-12-18 23:12:55,006 - pg_train.py[line:147] - INFO: Epoch: 26, LR: 0.00010, Ratio: 0.20, Train Loss: -25.111, Val Loss: -0.968
2021-12-18 23:12:55,009 - pg_train.py[line:148] - INFO: ACC:[[0.15 0.19 0.24 0.27 0.36 0.49 0.66 0.83 0.93 1.  ]] ACC-AUC: 0.512
2021-12-18 23:15:02,678 - pg_train.py[line:147] - INFO: Epoch: 27, LR: 0.00010, Ratio: 0.20, Train Loss: -26.080, Val Loss: -0.967
2021-12-18 23:15:02,682 - pg_train.py[line:148] - INFO: ACC:[[0.14 0.19 0.24 0.28 0.37 0.5  0.66 0.82 0.93 1.  ]] ACC-AUC: 0.514
2021-12-18 23:17:05,950 - pg_train.py[line:147] - INFO: Epoch: 28, LR: 0.00010, Ratio: 0.20, Train Loss: -27.050, Val Loss: -0.967
2021-12-18 23:17:05,954 - pg_train.py[line:148] - INFO: ACC:[[0.15 0.19 0.25 0.28 0.36 0.5  0.66 0.82 0.93 1.  ]] ACC-AUC: 0.515
2021-12-18 23:19:09,027 - pg_train.py[line:147] - INFO: Epoch: 29, LR: 0.00010, Ratio: 0.20, Train Loss: -28.019, Val Loss: -0.967
2021-12-18 23:19:09,030 - pg_train.py[line:148] - INFO: ACC:[[0.13 0.19 0.24 0.28 0.36 0.5  0.67 0.83 0.93 1.  ]] ACC-AUC: 0.512
2021-12-18 23:21:17,649 - pg_train.py[line:147] - INFO: Epoch: 30, LR: 0.00002, Ratio: 0.20, Train Loss: -28.989, Val Loss: -0.968
2021-12-18 23:21:17,652 - pg_train.py[line:148] - INFO: ACC:[[0.14 0.18 0.24 0.28 0.36 0.49 0.67 0.82 0.93 1.  ]] ACC-AUC: 0.511
2021-12-18 23:23:22,604 - pg_train.py[line:147] - INFO: Epoch: 31, LR: 0.00002, Ratio: 0.20, Train Loss: -29.959, Val Loss: -0.967
2021-12-18 23:23:22,607 - pg_train.py[line:148] - INFO: ACC:[[0.14 0.19 0.24 0.29 0.36 0.5  0.66 0.83 0.93 1.  ]] ACC-AUC: 0.513
2021-12-18 23:25:25,300 - pg_train.py[line:147] - INFO: Epoch: 32, LR: 0.00002, Ratio: 0.20, Train Loss: -30.928, Val Loss: -0.967
2021-12-18 23:25:25,303 - pg_train.py[line:148] - INFO: ACC:[[0.14 0.19 0.24 0.28 0.36 0.5  0.67 0.82 0.93 1.  ]] ACC-AUC: 0.512
2021-12-18 23:27:28,586 - pg_train.py[line:147] - INFO: Epoch: 33, LR: 0.00002, Ratio: 0.20, Train Loss: -31.898, Val Loss: -0.968
2021-12-18 23:27:28,589 - pg_train.py[line:148] - INFO: ACC:[[0.14 0.19 0.24 0.29 0.36 0.49 0.67 0.83 0.92 1.  ]] ACC-AUC: 0.513
2021-12-18 23:29:32,414 - pg_train.py[line:147] - INFO: Epoch: 34, LR: 0.00002, Ratio: 0.20, Train Loss: -32.868, Val Loss: -0.967
2021-12-18 23:29:32,418 - pg_train.py[line:148] - INFO: ACC:[[0.14 0.19 0.24 0.29 0.36 0.49 0.67 0.83 0.92 1.  ]] ACC-AUC: 0.514
2021-12-18 23:31:35,149 - pg_train.py[line:147] - INFO: Epoch: 35, LR: 0.00002, Ratio: 0.20, Train Loss: -33.837, Val Loss: -0.968
2021-12-18 23:31:35,153 - pg_train.py[line:148] - INFO: ACC:[[0.14 0.2  0.24 0.29 0.36 0.49 0.67 0.83 0.92 1.  ]] ACC-AUC: 0.514
2021-12-18 23:33:37,772 - pg_train.py[line:147] - INFO: Epoch: 36, LR: 0.00002, Ratio: 0.20, Train Loss: -34.807, Val Loss: -0.967
2021-12-18 23:33:37,775 - pg_train.py[line:148] - INFO: ACC:[[0.13 0.19 0.24 0.28 0.36 0.5  0.67 0.83 0.92 1.  ]] ACC-AUC: 0.513
2021-12-18 23:35:42,736 - pg_train.py[line:147] - INFO: Epoch: 37, LR: 0.00002, Ratio: 0.20, Train Loss: -35.776, Val Loss: -0.968
2021-12-18 23:35:42,740 - pg_train.py[line:148] - INFO: ACC:[[0.13 0.2  0.24 0.29 0.37 0.5  0.67 0.83 0.92 1.  ]] ACC-AUC: 0.515
2021-12-18 23:37:57,355 - pg_train.py[line:147] - INFO: Epoch: 38, LR: 0.00002, Ratio: 0.20, Train Loss: -36.746, Val Loss: -0.967
2021-12-18 23:37:57,360 - pg_train.py[line:148] - INFO: ACC:[[0.13 0.19 0.24 0.29 0.37 0.51 0.67 0.83 0.92 1.  ]] ACC-AUC: 0.515
2021-12-18 23:40:02,063 - pg_train.py[line:147] - INFO: Epoch: 39, LR: 0.00001, Ratio: 0.20, Train Loss: -37.716, Val Loss: -0.967
2021-12-18 23:40:02,068 - pg_train.py[line:148] - INFO: ACC:[[0.13 0.19 0.24 0.3  0.36 0.51 0.67 0.83 0.92 1.  ]] ACC-AUC: 0.515
2021-12-18 23:42:06,450 - pg_train.py[line:147] - INFO: Epoch: 40, LR: 0.00001, Ratio: 0.20, Train Loss: -38.685, Val Loss: -0.967
2021-12-18 23:42:06,455 - pg_train.py[line:148] - INFO: ACC:[[0.13 0.19 0.24 0.3  0.36 0.5  0.67 0.83 0.92 1.  ]] ACC-AUC: 0.515
2021-12-18 23:44:09,656 - pg_train.py[line:147] - INFO: Epoch: 41, LR: 0.00001, Ratio: 0.20, Train Loss: -39.655, Val Loss: -0.967
2021-12-18 23:44:09,661 - pg_train.py[line:148] - INFO: ACC:[[0.12 0.19 0.24 0.3  0.36 0.5  0.67 0.83 0.92 1.  ]] ACC-AUC: 0.513
2021-12-18 23:46:13,937 - pg_train.py[line:147] - INFO: Epoch: 42, LR: 0.00001, Ratio: 0.20, Train Loss: -40.625, Val Loss: -0.968
2021-12-18 23:46:13,940 - pg_train.py[line:148] - INFO: ACC:[[0.12 0.19 0.24 0.3  0.36 0.5  0.67 0.83 0.92 1.  ]] ACC-AUC: 0.515
2021-12-18 23:48:18,165 - pg_train.py[line:147] - INFO: Epoch: 43, LR: 0.00001, Ratio: 0.20, Train Loss: -41.594, Val Loss: -0.967
2021-12-18 23:48:18,169 - pg_train.py[line:148] - INFO: ACC:[[0.13 0.19 0.24 0.3  0.36 0.5  0.68 0.83 0.92 1.  ]] ACC-AUC: 0.516
2021-12-18 23:50:22,923 - pg_train.py[line:147] - INFO: Epoch: 44, LR: 0.00001, Ratio: 0.20, Train Loss: -42.564, Val Loss: -0.968
2021-12-18 23:50:22,927 - pg_train.py[line:148] - INFO: ACC:[[0.13 0.19 0.24 0.31 0.36 0.5  0.68 0.83 0.93 1.  ]] ACC-AUC: 0.516
2021-12-18 23:52:28,090 - pg_train.py[line:147] - INFO: Epoch: 45, LR: 0.00001, Ratio: 0.20, Train Loss: -43.534, Val Loss: -0.967
2021-12-18 23:52:28,094 - pg_train.py[line:148] - INFO: ACC:[[0.14 0.18 0.25 0.31 0.37 0.5  0.68 0.83 0.92 1.  ]] ACC-AUC: 0.517
2021-12-18 23:54:32,485 - pg_train.py[line:147] - INFO: Epoch: 46, LR: 0.00001, Ratio: 0.20, Train Loss: -44.503, Val Loss: -0.968
2021-12-18 23:54:32,488 - pg_train.py[line:148] - INFO: ACC:[[0.13 0.19 0.24 0.3  0.37 0.5  0.67 0.83 0.92 1.  ]] ACC-AUC: 0.517
2021-12-18 23:56:37,399 - pg_train.py[line:147] - INFO: Epoch: 47, LR: 0.00001, Ratio: 0.20, Train Loss: -45.473, Val Loss: -0.967
2021-12-18 23:56:37,403 - pg_train.py[line:148] - INFO: ACC:[[0.13 0.19 0.24 0.31 0.37 0.5  0.67 0.84 0.92 1.  ]] ACC-AUC: 0.517
2021-12-18 23:58:42,512 - pg_train.py[line:147] - INFO: Epoch: 48, LR: 0.00001, Ratio: 0.20, Train Loss: -46.443, Val Loss: -0.968
2021-12-18 23:58:42,517 - pg_train.py[line:148] - INFO: ACC:[[0.13 0.19 0.24 0.31 0.37 0.51 0.67 0.84 0.92 1.  ]] ACC-AUC: 0.517
2021-12-19 00:00:47,279 - pg_train.py[line:147] - INFO: Epoch: 49, LR: 0.00001, Ratio: 0.20, Train Loss: -47.413, Val Loss: -0.967
2021-12-19 00:00:47,283 - pg_train.py[line:148] - INFO: ACC:[[0.13 0.19 0.24 0.31 0.37 0.51 0.67 0.84 0.92 1.  ]] ACC-AUC: 0.517
2021-12-19 00:02:51,483 - pg_train.py[line:147] - INFO: Epoch: 50, LR: 0.00001, Ratio: 0.20, Train Loss: -48.382, Val Loss: -0.968
2021-12-19 00:02:51,487 - pg_train.py[line:148] - INFO: ACC:[[0.13 0.18 0.24 0.3  0.37 0.5  0.67 0.84 0.92 1.  ]] ACC-AUC: 0.516
