2022-04-21 22:25:23,284 - refine_train.py[line:95] - INFO: number of graphs(train): 2962
2022-04-21 22:25:23,301 - refine_train.py[line:95] - INFO: number of graphs(val):  401
2022-04-21 22:25:23,315 - refine_train.py[line:95] - INFO: number of graphs(test):  401
2022-04-21 22:26:30,570 - refine_train.py[line:158] - INFO: Epoch: 1, LR: 0.00100, Ratio: 0.40, Train Loss: -0.886, Val Loss: -0.968
2022-04-21 22:26:30,592 - refine_train.py[line:163] - INFO: ACC:[[0.7  0.74 0.76 0.72 0.73 0.7  0.66 0.71 0.82 0.81]] ACC-AUC: 0.735 Mean P: 0.556
2022-04-21 22:27:17,952 - refine_train.py[line:158] - INFO: Epoch: 2, LR: 0.00100, Ratio: 0.40, Train Loss: -1.836, Val Loss: -1.006
2022-04-21 22:28:05,910 - refine_train.py[line:158] - INFO: Epoch: 3, LR: 0.00100, Ratio: 0.40, Train Loss: -2.814, Val Loss: -1.019
2022-04-21 22:28:05,916 - refine_train.py[line:163] - INFO: ACC:[[0.91 0.93 0.92 0.86 0.78 0.79 0.79 0.78 0.8  0.81]] ACC-AUC: 0.836 Mean P: 0.562
2022-04-21 22:28:49,966 - refine_train.py[line:158] - INFO: Epoch: 4, LR: 0.00100, Ratio: 0.40, Train Loss: -3.808, Val Loss: -1.033
2022-04-21 22:29:38,599 - refine_train.py[line:158] - INFO: Epoch: 5, LR: 0.00100, Ratio: 0.40, Train Loss: -4.817, Val Loss: -1.040
2022-04-21 22:29:38,605 - refine_train.py[line:163] - INFO: ACC:[[0.91 0.93 0.94 0.87 0.82 0.81 0.83 0.79 0.79 0.81]] ACC-AUC: 0.849 Mean P: 0.542
2022-04-21 22:30:27,275 - refine_train.py[line:158] - INFO: Epoch: 6, LR: 0.00100, Ratio: 0.40, Train Loss: -5.838, Val Loss: -1.048
2022-04-21 22:31:12,774 - refine_train.py[line:158] - INFO: Epoch: 7, LR: 0.00100, Ratio: 0.40, Train Loss: -6.872, Val Loss: -1.061
2022-04-21 22:31:12,778 - refine_train.py[line:163] - INFO: ACC:[[0.9  0.93 0.96 0.89 0.83 0.83 0.81 0.79 0.79 0.81]] ACC-AUC: 0.853 Mean P: 0.537
2022-04-21 22:31:58,190 - refine_train.py[line:158] - INFO: Epoch: 8, LR: 0.00100, Ratio: 0.40, Train Loss: -7.913, Val Loss: -1.065
2022-04-21 22:32:44,889 - refine_train.py[line:158] - INFO: Epoch: 9, LR: 0.00100, Ratio: 0.40, Train Loss: -8.964, Val Loss: -1.071
2022-04-21 22:32:44,894 - refine_train.py[line:163] - INFO: ACC:[[0.84 0.92 0.96 0.92 0.85 0.83 0.78 0.77 0.79 0.81]] ACC-AUC: 0.847 Mean P: 0.538
2022-04-21 22:33:28,457 - refine_train.py[line:158] - INFO: Epoch: 10, LR: 0.00100, Ratio: 0.40, Train Loss: -10.023, Val Loss: -1.080
2022-04-21 22:34:11,523 - refine_train.py[line:158] - INFO: Epoch: 11, LR: 0.00100, Ratio: 0.40, Train Loss: -11.086, Val Loss: -1.085
2022-04-21 22:34:11,531 - refine_train.py[line:163] - INFO: ACC:[[0.88 0.92 0.96 0.94 0.87 0.83 0.79 0.76 0.78 0.81]] ACC-AUC: 0.854 Mean P: 0.541
2022-04-21 22:34:56,454 - refine_train.py[line:158] - INFO: Epoch: 12, LR: 0.00100, Ratio: 0.40, Train Loss: -12.156, Val Loss: -1.089
2022-04-21 22:35:42,981 - refine_train.py[line:158] - INFO: Epoch: 13, LR: 0.00100, Ratio: 0.40, Train Loss: -13.228, Val Loss: -1.090
2022-04-21 22:35:42,984 - refine_train.py[line:163] - INFO: ACC:[[0.89 0.92 0.96 0.93 0.89 0.85 0.79 0.75 0.74 0.81]] ACC-AUC: 0.853 Mean P: 0.539
2022-04-21 22:36:27,104 - refine_train.py[line:158] - INFO: Epoch: 14, LR: 0.00100, Ratio: 0.40, Train Loss: -14.303, Val Loss: -1.096
2022-04-21 22:37:13,269 - refine_train.py[line:158] - INFO: Epoch: 15, LR: 0.00100, Ratio: 0.40, Train Loss: -15.383, Val Loss: -1.100
2022-04-21 22:37:13,275 - refine_train.py[line:163] - INFO: ACC:[[0.86 0.89 0.95 0.95 0.92 0.88 0.85 0.77 0.74 0.81]] ACC-AUC: 0.861 Mean P: 0.537
2022-04-21 22:37:56,930 - refine_train.py[line:158] - INFO: Epoch: 16, LR: 0.00100, Ratio: 0.40, Train Loss: -16.469, Val Loss: -1.102
2022-04-21 22:38:40,839 - refine_train.py[line:158] - INFO: Epoch: 17, LR: 0.00100, Ratio: 0.40, Train Loss: -17.557, Val Loss: -1.104
2022-04-21 22:38:40,845 - refine_train.py[line:163] - INFO: ACC:[[0.84 0.89 0.97 0.95 0.92 0.88 0.83 0.79 0.74 0.81]] ACC-AUC: 0.859 Mean P: 0.529
2022-04-21 22:39:23,810 - refine_train.py[line:158] - INFO: Epoch: 18, LR: 0.00100, Ratio: 0.40, Train Loss: -18.647, Val Loss: -1.103
2022-04-21 22:40:06,443 - refine_train.py[line:158] - INFO: Epoch: 19, LR: 0.00100, Ratio: 0.40, Train Loss: -19.739, Val Loss: -1.101
2022-04-21 22:40:06,447 - refine_train.py[line:163] - INFO: ACC:[[0.86 0.93 0.98 0.96 0.94 0.88 0.83 0.78 0.73 0.81]] ACC-AUC: 0.869 Mean P: 0.525
2022-04-21 22:40:53,291 - refine_train.py[line:158] - INFO: Epoch: 20, LR: 0.00100, Ratio: 0.40, Train Loss: -20.831, Val Loss: -1.102
