2022-04-22 16:35:29,349 - refine_train.py[line:95] - INFO: number of graphs(train): 3086
2022-04-22 16:35:29,397 - refine_train.py[line:95] - INFO: number of graphs(val):  321
2022-04-22 16:35:29,441 - refine_train.py[line:95] - INFO: number of graphs(test):  334
2022-04-22 16:36:20,417 - refine_train.py[line:158] - INFO: Epoch: 1, LR: 0.00100, Ratio: 0.40, Train Loss: -0.888, Val Loss: -0.862
2022-04-22 16:36:20,431 - refine_train.py[line:163] - INFO: ACC:[[0.54 0.54 0.56 0.56 0.56 0.58 0.58 0.59 0.59 0.64]] ACC-AUC: 0.573 Mean P: 0.553
2022-04-22 16:37:00,652 - refine_train.py[line:158] - INFO: Epoch: 2, LR: 0.00100, Ratio: 0.40, Train Loss: -1.778, Val Loss: -0.869
2022-04-22 16:37:45,550 - refine_train.py[line:158] - INFO: Epoch: 3, LR: 0.00100, Ratio: 0.40, Train Loss: -2.667, Val Loss: -0.864
2022-04-22 16:37:45,556 - refine_train.py[line:163] - INFO: ACC:[[0.53 0.56 0.55 0.57 0.57 0.57 0.59 0.59 0.58 0.64]] ACC-AUC: 0.575 Mean P: 0.556
2022-04-22 16:38:26,730 - refine_train.py[line:158] - INFO: Epoch: 4, LR: 0.00100, Ratio: 0.40, Train Loss: -3.558, Val Loss: -0.868
2022-04-22 16:39:07,676 - refine_train.py[line:158] - INFO: Epoch: 5, LR: 0.00100, Ratio: 0.40, Train Loss: -4.449, Val Loss: -0.868
2022-04-22 16:39:07,680 - refine_train.py[line:163] - INFO: ACC:[[0.53 0.58 0.57 0.56 0.56 0.57 0.58 0.59 0.6  0.64]] ACC-AUC: 0.579 Mean P: 0.557
2022-04-22 16:39:47,967 - refine_train.py[line:158] - INFO: Epoch: 6, LR: 0.00020, Ratio: 0.40, Train Loss: -5.338, Val Loss: -0.869
2022-04-22 16:40:28,600 - refine_train.py[line:158] - INFO: Epoch: 7, LR: 0.00020, Ratio: 0.40, Train Loss: -6.230, Val Loss: -0.869
2022-04-22 16:40:28,609 - refine_train.py[line:163] - INFO: ACC:[[0.54 0.57 0.56 0.54 0.56 0.57 0.59 0.6  0.6  0.64]] ACC-AUC: 0.577 Mean P: 0.556
2022-04-22 16:41:08,316 - refine_train.py[line:158] - INFO: Epoch: 8, LR: 0.00020, Ratio: 0.40, Train Loss: -7.121, Val Loss: -0.871
2022-04-22 16:41:51,198 - refine_train.py[line:158] - INFO: Epoch: 9, LR: 0.00020, Ratio: 0.40, Train Loss: -8.012, Val Loss: -0.871
2022-04-22 16:41:51,205 - refine_train.py[line:163] - INFO: ACC:[[0.54 0.57 0.57 0.55 0.56 0.57 0.6  0.61 0.6  0.64]] ACC-AUC: 0.580 Mean P: 0.556
2022-04-22 16:42:31,800 - refine_train.py[line:158] - INFO: Epoch: 10, LR: 0.00020, Ratio: 0.40, Train Loss: -8.903, Val Loss: -0.870
2022-04-22 16:43:11,513 - refine_train.py[line:158] - INFO: Epoch: 11, LR: 0.00020, Ratio: 0.40, Train Loss: -9.794, Val Loss: -0.871
2022-04-22 16:43:11,518 - refine_train.py[line:163] - INFO: ACC:[[0.54 0.56 0.56 0.55 0.57 0.58 0.61 0.6  0.6  0.64]] ACC-AUC: 0.580 Mean P: 0.557
2022-04-22 16:43:50,652 - refine_train.py[line:158] - INFO: Epoch: 12, LR: 0.00020, Ratio: 0.40, Train Loss: -10.688, Val Loss: -0.871
2022-04-22 16:44:30,953 - refine_train.py[line:158] - INFO: Epoch: 13, LR: 0.00020, Ratio: 0.40, Train Loss: -11.581, Val Loss: -0.874
2022-04-22 16:44:30,964 - refine_train.py[line:163] - INFO: ACC:[[0.53 0.56 0.57 0.56 0.55 0.57 0.6  0.59 0.6  0.64]] ACC-AUC: 0.576 Mean P: 0.557
2022-04-22 16:45:11,198 - refine_train.py[line:158] - INFO: Epoch: 14, LR: 0.00020, Ratio: 0.40, Train Loss: -12.473, Val Loss: -0.870
2022-04-22 16:45:53,349 - refine_train.py[line:158] - INFO: Epoch: 15, LR: 0.00020, Ratio: 0.40, Train Loss: -13.366, Val Loss: -0.870
2022-04-22 16:45:53,353 - refine_train.py[line:163] - INFO: ACC:[[0.54 0.55 0.57 0.57 0.55 0.57 0.58 0.59 0.6  0.64]] ACC-AUC: 0.576 Mean P: 0.558
2022-04-22 16:46:34,773 - refine_train.py[line:158] - INFO: Epoch: 16, LR: 0.00020, Ratio: 0.40, Train Loss: -14.257, Val Loss: -0.868
2022-04-22 16:47:14,964 - refine_train.py[line:158] - INFO: Epoch: 17, LR: 0.00004, Ratio: 0.40, Train Loss: -15.150, Val Loss: -0.869
2022-04-22 16:47:14,984 - refine_train.py[line:163] - INFO: ACC:[[0.55 0.56 0.57 0.55 0.56 0.57 0.58 0.59 0.6  0.64]] ACC-AUC: 0.576 Mean P: 0.558
2022-04-22 16:47:55,858 - refine_train.py[line:158] - INFO: Epoch: 18, LR: 0.00004, Ratio: 0.40, Train Loss: -16.043, Val Loss: -0.869
2022-04-22 16:48:36,534 - refine_train.py[line:158] - INFO: Epoch: 19, LR: 0.00004, Ratio: 0.40, Train Loss: -16.935, Val Loss: -0.869
2022-04-22 16:48:36,537 - refine_train.py[line:163] - INFO: ACC:[[0.55 0.56 0.57 0.55 0.57 0.57 0.58 0.58 0.6  0.64]] ACC-AUC: 0.577 Mean P: 0.558
2022-04-22 16:49:17,260 - refine_train.py[line:158] - INFO: Epoch: 20, LR: 0.00004, Ratio: 0.40, Train Loss: -17.827, Val Loss: -0.869
